<?xml version="1.0" encoding="UTF-8"?>
<!-- Generated by org.testng.reporters.JUnitReportReporter -->
<testsuite hostname="DESKTOP-169Q8T6" failures="0" tests="1" name="recruiter.shortListed" time="31.668" errors="0" timestamp="2024-10-11T21:35:44 IST" skipped="0">
  <testcase classname="recruiter.shortListed" name="shortListed" time="31.668"/>
  <system-out/>
</testsuite> <!-- recruiter.shortListed -->
