<?xml version="1.0" encoding="UTF-8"?>
<!-- Generated by org.testng.reporters.JUnitReportReporter -->
<testsuite hostname="DESKTOP-169Q8T6" failures="0" tests="1" name="recruiter.chooseColourTestNG" time="49.220" errors="0" timestamp="2025-02-25T11:16:43 IST" skipped="0">
  <testcase classname="recruiter.chooseColourTestNG" name="chooseColour" time="49.220"/>
  <system-out/>
</testsuite> <!-- recruiter.chooseColourTestNG -->
