<?xml version="1.0" encoding="UTF-8"?>
<!-- Generated by org.testng.reporters.JUnitReportReporter -->
<testsuite hostname="DESKTOP-169Q8T6" failures="0" tests="1" name="SuperUser.ActiveTeamMembersTestNG" time="49.848" errors="0" timestamp="2025-05-05T15:22:07 IST" skipped="0">
  <testcase classname="SuperUser.ActiveTeamMembersTestNG" name="activeTeamMembers" time="49.848"/>
  <system-out/>
</testsuite> <!-- SuperUser.ActiveTeamMembersTestNG -->
