<?xml version="1.0" encoding="UTF-8"?>
<!-- Generated by org.testng.reporters.JUnitReportReporter -->
<testsuite hostname="DESKTOP-169Q8T6" failures="0" tests="1" name="Manager.notificationflowTestNG" time="77.218" errors="0" timestamp="2025-01-24T19:03:55 IST" skipped="0">
  <testcase classname="Manager.notificationflowTestNG" name="notificationflowTestNG" time="77.218"/>
  <system-out>
    <![CDATA[notificationflowTestNGTestScript Execution is Started :]]>
  </system-out>
</testsuite> <!-- Manager.notificationflowTestNG -->
