<?xml version="1.0" encoding="UTF-8"?>
<!-- Generated by org.testng.reporters.JUnitReportReporter -->
<testsuite hostname="DESKTOP-169Q8T6" failures="0" tests="2" name="teamLeader.notificationTestNG" time="28.765" errors="0" timestamp="2025-01-29T16:42:14 IST" skipped="1">
  <testcase classname="teamLeader.notificationTestNG" name="notificationAvailable" time="28.765"/>
  <system-out>
    <![CDATA[notificationAvailableTestScript Execution is Started :]]>
  </system-out>
  <testcase classname="teamLeader.notificationTestNG" name="notificationFlow">
    <skipped/>
  </testcase> <!-- notificationFlow -->
  <system-out/>
</testsuite> <!-- teamLeader.notificationTestNG -->
