<?xml version="1.0" encoding="UTF-8"?>
<!-- Generated by org.testng.reporters.JUnitReportReporter -->
<testsuite hostname="DESKTOP-169Q8T6" failures="0" tests="1" name="recruiter.rejectedTest" time="53.084" errors="0" timestamp="2024-12-13T12:52:33 IST" skipped="0">
  <testcase classname="recruiter.rejectedTest" name="rejectedTest" time="53.084"/>
  <system-out>
    <![CDATA[rejectedTestTestScript Execution is Started :]]>
  </system-out>
</testsuite> <!-- recruiter.rejectedTest -->
