<?xml version="1.0" encoding="UTF-8"?>
<!-- Generated by org.testng.reporters.JUnitReportReporter -->
<testsuite hostname="DESKTOP-169Q8T6" failures="0" tests="1" name="Manager.ActiveTeamMember" time="73.285" errors="0" timestamp="2025-04-24T17:45:17 IST" skipped="0">
  <testcase classname="Manager.ActiveTeamMember" name="notificationflowTestNG" time="73.285"/>
  <system-out/>
</testsuite> <!-- Manager.ActiveTeamMember -->
