<?xml version="1.0" encoding="UTF-8"?>
<!-- Generated by org.testng.reporters.JUnitReportReporter -->
<testsuite hostname="DESKTOP-169Q8T6" failures="0" tests="4" name="recruiter.jobDescriptionTestNG" time="63.262" errors="0" timestamp="2024-11-28T18:45:44 IST" skipped="3">
  <testcase classname="recruiter.jobDescriptionTestNG" name="filterJobDescription" time="63.262"/>
  <system-out>
    <![CDATA[filterJobDescriptionTestScript Execution is Started :]]>
  </system-out>
  <testcase classname="recruiter.jobDescriptionTestNG" name="shareVideoJobDescription">
    <skipped/>
  </testcase> <!-- shareVideoJobDescription -->
  <system-out/>
  <testcase classname="recruiter.jobDescriptionTestNG" name="searchAndShareJobDescription">
    <skipped/>
  </testcase> <!-- searchAndShareJobDescription -->
  <system-out/>
  <testcase classname="recruiter.jobDescriptionTestNG" name="shareJobDescription">
    <skipped/>
  </testcase> <!-- shareJobDescription -->
  <system-out/>
</testsuite> <!-- recruiter.jobDescriptionTestNG -->
