<?xml version="1.0" encoding="UTF-8"?>
<!-- Generated by org.testng.reporters.JUnitReportReporter -->
<testsuite hostname="DESKTOP-169Q8T6" failures="0" tests="1" name="recruiter.FC_SelectedCandidateTestNG" time="46.287" errors="0" timestamp="2025-03-26T18:07:18 IST" skipped="0">
  <testcase classname="recruiter.FC_SelectedCandidateTestNG" name="selectedCandidate" time="46.287"/>
  <system-out>
    <![CDATA[selectedCandidateTestScript Execution is Started :]]>
  </system-out>
</testsuite> <!-- recruiter.FC_SelectedCandidateTestNG -->
