<?xml version="1.0" encoding="UTF-8"?>
<!-- Generated by org.testng.reporters.JUnitReportReporter -->
<testsuite hostname="DESKTOP-169Q8T6" failures="0" tests="1" name="recruiter.salaryCalculation" time="41.760" errors="0" timestamp="2025-02-26T17:11:47 IST" skipped="0">
  <testcase classname="recruiter.salaryCalculation" name="salaryCalculation" time="41.760"/>
  <system-out/>
</testsuite> <!-- recruiter.salaryCalculation -->
