<?xml version="1.0" encoding="UTF-8"?>
<!-- Generated by org.testng.reporters.JUnitReportReporter -->
<testsuite hostname="DESKTOP-169Q8T6" failures="0" tests="1" name="recruiter.ShortListedTestNG" time="17.050" errors="0" timestamp="2024-10-17T12:15:38 IST" skipped="0">
  <testcase classname="recruiter.ShortListedTestNG" name="shortListed" time="17.050"/>
  <system-out>
    <![CDATA[shortListedTestScript Execution is Started :]]>
  </system-out>
</testsuite> <!-- recruiter.ShortListedTestNG -->
