<?xml version="1.0" encoding="UTF-8"?>
<!-- Generated by org.testng.reporters.JUnitReportReporter -->
<testsuite hostname="DESKTOP-169Q8T6" failures="0" tests="1" name="recruiter.HoldCandidateTest" time="46.822" errors="0" timestamp="2024-12-12T11:08:59 IST" skipped="0">
  <testcase classname="recruiter.HoldCandidateTest" name="HoldCandidate" time="46.822"/>
  <system-out>
    <![CDATA[HoldCandidateTestScript Execution is Started :]]>
  </system-out>
</testsuite> <!-- recruiter.HoldCandidateTest -->
