<?xml version="1.0" encoding="UTF-8"?>
<!-- Generated by org.testng.reporters.JUnitReportReporter -->
<testsuite hostname="DESKTOP-169Q8T6" failures="0" tests="1" name="recruiter.ProfileTestNG" time="105.343" errors="0" timestamp="2025-04-01T19:14:06 IST" skipped="0">
  <testcase classname="recruiter.ProfileTestNG" name="TeamPerformance" time="105.343"/>
  <system-out>
    <![CDATA[TeamPerformanceTestScript Execution is Started :]]>
  </system-out>
</testsuite> <!-- recruiter.ProfileTestNG -->
