<?xml version="1.0" encoding="UTF-8"?>
<!-- Generated by org.testng.reporters.JUnitReportReporter -->
<testsuite hostname="DESKTOP-169Q8T6" failures="0" tests="1" name="recruiter.FC_SelectedCandidateTestNG1" time="22.155" errors="0" timestamp="2024-11-22T17:52:07 IST" skipped="0">
  <testcase classname="recruiter.FC_SelectedCandidateTestNG1" name="selectedCandidateInquery" time="22.155"/>
  <system-out>
    <![CDATA[selectedCandidateInqueryTestScript Execution is Started :]]>
  </system-out>
</testsuite> <!-- recruiter.FC_SelectedCandidateTestNG1 -->
