<?xml version="1.0" encoding="UTF-8"?>
<!-- Generated by org.testng.reporters.JUnitReportReporter -->
<testsuite hostname="DESKTOP-169Q8T6" failures="0" tests="1" name="teamLeader.ActiveTeamMemberTestNG" time="45.167" errors="0" timestamp="2025-05-06T17:40:14 IST" skipped="0">
  <testcase classname="teamLeader.ActiveTeamMemberTestNG" name="activeRecruiters" time="45.167"/>
  <system-out/>
</testsuite> <!-- teamLeader.ActiveTeamMemberTestNG -->
