<?xml version="1.0" encoding="UTF-8"?>
<!-- Generated by org.testng.reporters.JUnitReportReporter -->
<testsuite hostname="DESKTOP-169Q8T6" failures="0" tests="1" name="teamLeader.editJobDescriptionTestNG" time="58.847" errors="0" timestamp="2025-05-06T16:43:52 IST" skipped="0">
  <testcase classname="teamLeader.editJobDescriptionTestNG" name="addJobDescription" time="58.847"/>
  <system-out/>
</testsuite> <!-- teamLeader.editJobDescriptionTestNG -->
