<?xml version="1.0" encoding="UTF-8"?>
<!-- Generated by org.testng.reporters.JUnitReportReporter -->
<testsuite hostname="DESKTOP-169Q8T6" failures="0" tests="1" name="recruiter.AddCandidateTestNG" time="30.669" errors="0" timestamp="2024-10-17T18:41:47 IST" skipped="0">
  <testcase classname="recruiter.AddCandidateTestNG" name="AddCandidate" time="30.669"/>
  <system-out>
    <![CDATA[AddCandidateTestScript Execution is Started :]]>
  </system-out>
</testsuite> <!-- recruiter.AddCandidateTestNG -->
