<?xml version="1.0" encoding="UTF-8"?>
<!-- Generated by org.testng.reporters.JUnitReportReporter -->
<testsuite hostname="DESKTOP-169Q8T6" failures="0" tests="2" name="recruiter.FC_RejectedCandidateTestNG" time="51.560" errors="0" timestamp="2024-12-13T14:42:59 IST" skipped="1">
  <testcase classname="recruiter.FC_RejectedCandidateTestNG" name="UpdaterejectedCandidateByTL" time="51.560"/>
  <system-out>
    <![CDATA[UpdaterejectedCandidateByTLTestScript Execution is Started :]]>
  </system-out>
  <testcase classname="recruiter.FC_RejectedCandidateTestNG" name="updateRejectedCandidate">
    <skipped/>
  </testcase> <!-- updateRejectedCandidate -->
  <system-out/>
</testsuite> <!-- recruiter.FC_RejectedCandidateTestNG -->
