<?xml version="1.0" encoding="UTF-8"?>
<!-- Generated by org.testng.reporters.JUnitReportReporter -->
<testsuite hostname="DESKTOP-169Q8T6" failures="0" tests="2" name="recruiter.ProfileTestNG" time="86.854" errors="0" timestamp="2025-04-11T11:23:23 IST" skipped="1">
  <testcase classname="recruiter.ProfileTestNG" name="TeamPerformance" time="86.854"/>
  <system-out>
    <![CDATA[TeamPerformanceTestScript Execution is Started :]]>
  </system-out>
  <testcase classname="recruiter.ProfileTestNG" name="yourAttendance">
    <skipped/>
  </testcase> <!-- yourAttendance -->
  <system-out/>
</testsuite> <!-- recruiter.ProfileTestNG -->
