<?xml version="1.0" encoding="UTF-8"?>
<!-- Generated by org.testng.reporters.JUnitReportReporter -->
<testsuite hostname="DESKTOP-169Q8T6" failures="0" tests="1" name="SuperUser.addManagerNotification" time="29.306" errors="0" timestamp="2025-01-31T15:49:26 IST" skipped="0">
  <testcase classname="SuperUser.addManagerNotification" name="notificationflowTestNG" time="29.306"/>
  <system-out/>
</testsuite> <!-- SuperUser.addManagerNotification -->
