<?xml version="1.0" encoding="UTF-8"?>
<!-- Generated by org.testng.reporters.JUnitReportReporter -->
<testsuite hostname="DESKTOP-169Q8T6" failures="0" tests="2" name="recruiter.ProfileTestNG" time="87.305" errors="0" timestamp="2025-04-02T15:30:36 IST" skipped="1">
  <testcase classname="recruiter.ProfileTestNG" name="yourAttendance" time="87.305"/>
  <system-out>
    <![CDATA[yourAttendanceTestScript Execution is Started :]]>
  </system-out>
  <testcase classname="recruiter.ProfileTestNG" name="TeamPerformance">
    <skipped/>
  </testcase> <!-- TeamPerformance -->
  <system-out/>
</testsuite> <!-- recruiter.ProfileTestNG -->
