<?xml version="1.0" encoding="UTF-8"?>
<!-- Generated by org.testng.reporters.JUnitReportReporter -->
<testsuite hostname="DESKTOP-169Q8T6" failures="0" tests="1" name="recruiter.FC_CallingTrackerTestNG" time="99.592" errors="0" timestamp="2025-01-02T11:34:40 IST" skipped="0">
  <testcase classname="recruiter.FC_CallingTrackerTestNG" name="findCandidate" time="99.592"/>
  <system-out>
    <![CDATA[findCandidateTestScript Execution is Started :]]>
  </system-out>
</testsuite> <!-- recruiter.FC_CallingTrackerTestNG -->
