<?xml version="1.0" encoding="UTF-8"?>
<!-- Generated by org.testng.reporters.JUnitReportReporter -->
<testsuite hostname="DESKTOP-169Q8T6" failures="0" tests="1" name="recruiter.rejectedTestNG" time="110.205" errors="0" timestamp="2025-04-01T11:18:02 IST" skipped="0">
  <testcase classname="recruiter.rejectedTestNG" name="rejectedTest" time="110.205"/>
  <system-out>
    <![CDATA[rejectedTestTestScript Execution is Started :]]>
  </system-out>
</testsuite> <!-- recruiter.rejectedTestNG -->
