<?xml version="1.0" encoding="UTF-8"?>
<!-- Generated by org.testng.reporters.JUnitReportReporter -->
<testsuite hostname="DESKTOP-169Q8T6" failures="0" tests="1" name="teamLeader.editJobDescriptionTestNG" time="63.504" errors="0" timestamp="2025-03-07T19:33:14 IST" skipped="0">
  <testcase classname="teamLeader.editJobDescriptionTestNG" name="addJobDescription" time="63.504"/>
  <system-out/>
</testsuite> <!-- teamLeader.editJobDescriptionTestNG -->
