<?xml version="1.0" encoding="UTF-8"?>
<!-- Generated by org.testng.reporters.JUnitReportReporter -->
<testsuite hostname="DESKTOP-169Q8T6" failures="0" tests="2" name="recruiter.jobDescription" time="28.972" errors="0" timestamp="2024-11-28T10:22:57 IST" skipped="1">
  <testcase classname="recruiter.jobDescription" name="searchAndShareJobDescription" time="28.972"/>
  <system-out>
    <![CDATA[searchAndShareJobDescriptionTestScript Execution is Started :]]>
  </system-out>
  <testcase classname="recruiter.jobDescription" name="shareJobDescription">
    <skipped/>
  </testcase> <!-- shareJobDescription -->
  <system-out/>
</testsuite> <!-- recruiter.jobDescription -->
