<?xml version="1.0" encoding="UTF-8"?>
<!-- Generated by org.testng.reporters.JUnitReportReporter -->
<testsuite hostname="DESKTOP-169Q8T6" failures="0" tests="1" name="teamLeader.ReportsTestNG" time="31.148" errors="0" timestamp="2025-01-20T18:54:41 IST" skipped="0">
  <testcase classname="teamLeader.ReportsTestNG" name="reports" time="31.148"/>
  <system-out/>
</testsuite> <!-- teamLeader.ReportsTestNG -->
