<?xml version="1.0" encoding="UTF-8"?>
<!-- Generated by org.testng.reporters.JUnitReportReporter -->
<testsuite hostname="DESKTOP-169Q8T6" failures="0" tests="2" name="SuperUser.addManagerNotification" time="114.493" errors="1" timestamp="2025-01-15T18:52:50 IST" skipped="1">
  <testcase classname="SuperUser.addManagerNotification" name="notificationflowTestNG" time="0.000">
    <skipped/>
  </testcase> <!-- notificationflowTestNG -->
  <system-out/>
  <testcase classname="SuperUser.addManagerNotification" name="BC" time="114.493">
    <error message="Could not start a new session. Possible causes are invalid address of the remote server or browser start-up failure. 
Host info: host: &#039;DESKTOP-169Q8T6&#039;, ip: &#039;192.168.1.46&#039;" type="org.openqa.selenium.SessionNotCreatedException">
      <![CDATA[org.openqa.selenium.SessionNotCreatedException: Could not start a new session. Possible causes are invalid address of the remote server or browser start-up failure. 
Host info: host: 'DESKTOP-169Q8T6', ip: '192.168.1.46'
at org.openqa.selenium.remote.RemoteWebDriver.execute(RemoteWebDriver.java:541)
at org.openqa.selenium.remote.RemoteWebDriver.startSession(RemoteWebDriver.java:237)
at org.openqa.selenium.remote.RemoteWebDriver.<init>(RemoteWebDriver.java:164)
at org.openqa.selenium.chromium.ChromiumDriver.<init>(ChromiumDriver.java:114)
at org.openqa.selenium.chrome.ChromeDriver.<init>(ChromeDriver.java:89)
at org.openqa.selenium.chrome.ChromeDriver.<init>(ChromeDriver.java:84)
at org.openqa.selenium.chrome.ChromeDriver.<init>(ChromeDriver.java:52)
at CommonUtil.baseClass_M.BC(baseClass_M.java:60)
at java.base/jdk.internal.reflect.DirectMethodHandleAccessor.invoke(DirectMethodHandleAccessor.java:104)
at java.base/java.lang.reflect.Method.invoke(Method.java:578)
at org.testng.internal.MethodInvocationHelper.invokeMethod(MethodInvocationHelper.java:133)
at org.testng.internal.MethodInvocationHelper.invokeMethodConsideringTimeout(MethodInvocationHelper.java:62)
at org.testng.internal.ConfigInvoker.invokeConfigurationMethod(ConfigInvoker.java:385)
at org.testng.internal.ConfigInvoker.invokeConfigurations(ConfigInvoker.java:321)
at org.testng.internal.TestMethodWorker.invokeBeforeClassMethods(TestMethodWorker.java:176)
at org.testng.internal.TestMethodWorker.run(TestMethodWorker.java:122)
at java.base/java.util.ArrayList.forEach(ArrayList.java:1511)
at org.testng.TestRunner.privateRun(TestRunner.java:794)
at org.testng.TestRunner.run(TestRunner.java:596)
at org.testng.SuiteRunner.runTest(SuiteRunner.java:377)
at org.testng.SuiteRunner.runSequentially(SuiteRunner.java:371)
at org.testng.SuiteRunner.privateRun(SuiteRunner.java:332)
at org.testng.SuiteRunner.run(SuiteRunner.java:276)
at org.testng.SuiteRunnerWorker.runSuite(SuiteRunnerWorker.java:53)
at org.testng.SuiteRunnerWorker.run(SuiteRunnerWorker.java:96)
at org.testng.TestNG.runSuitesSequentially(TestNG.java:1212)
at org.testng.TestNG.runSuitesLocally(TestNG.java:1134)
at org.testng.TestNG.runSuites(TestNG.java:1063)
at org.testng.TestNG.run(TestNG.java:1031)
at org.testng.remote.AbstractRemoteTestNG.run(AbstractRemoteTestNG.java:115)
at org.testng.remote.RemoteTestNG.initAndRun(RemoteTestNG.java:251)
at org.testng.remote.RemoteTestNG.main(RemoteTestNG.java:77)
Caused by: org.openqa.selenium.WebDriverException: Timed out waiting for driver server to bind the port.
Build info: version: '4.16.1', revision: '9b4c83354e'
System info: os.name: 'Windows 10', os.arch: 'amd64', os.version: '10.0', java.version: '20.0.2'
Driver info: driver.version: ChromeDriver
at org.openqa.selenium.remote.service.DriverService.start(DriverService.java:250)
at org.openqa.selenium.remote.service.DriverCommandExecutor.execute(DriverCommandExecutor.java:119)
at org.openqa.selenium.remote.RemoteWebDriver.execute(RemoteWebDriver.java:523)
... 31 more
]]>
    </error>
  </testcase> <!-- BC -->
  <system-out/>
</testsuite> <!-- SuperUser.addManagerNotification -->
