<?xml version="1.0" encoding="UTF-8"?>
<!-- Generated by org.testng.reporters.JUnitReportReporter -->
<testsuite hostname="DESKTOP-169Q8T6" failures="0" tests="2" name="recruiter.databaseUpdateNoListTestNG" time="124.025" errors="0" timestamp="2025-02-25T16:46:46 IST" skipped="1">
  <testcase classname="recruiter.databaseUpdateNoListTestNG" name="uploadExcelData" time="124.025"/>
  <system-out>
    <![CDATA[uploadExcelDataTestScript Execution is Started :]]>
  </system-out>
  <testcase classname="recruiter.databaseUpdateNoListTestNG" name="UpdatedNoOfCandidate">
    <skipped/>
  </testcase> <!-- UpdatedNoOfCandidate -->
  <system-out/>
</testsuite> <!-- recruiter.databaseUpdateNoListTestNG -->
