<?xml version="1.0" encoding="UTF-8"?>
<!-- Generated by org.testng.reporters.JUnitReportReporter -->
<testsuite hostname="DESKTOP-169Q8T6" failures="0" tests="3" name="Manager.sentProfileTestNG" time="65.057" errors="0" timestamp="2025-03-06T12:43:04 IST" skipped="2">
  <testcase classname="Manager.sentProfileTestNG" name="sentProfileUpdateResponse" time="65.057"/>
  <system-out/>
  <testcase classname="Manager.sentProfileTestNG" name="sentMultipleProfile">
    <skipped/>
  </testcase> <!-- sentMultipleProfile -->
  <system-out/>
  <testcase classname="Manager.sentProfileTestNG" name="sentProfile">
    <skipped/>
  </testcase> <!-- sentProfile -->
  <system-out/>
</testsuite> <!-- Manager.sentProfileTestNG -->
