<?xml version="1.0" encoding="UTF-8"?>
<!-- Generated by org.testng.reporters.JUnitReportReporter -->
<testsuite hostname="DESKTOP-169Q8T6" failures="0" tests="2" name="recruiter.AddCandidateTestNG" time="96.879" errors="0" timestamp="2024-10-21T18:50:54 IST" skipped="0">
  <testcase classname="recruiter.AddCandidateTestNG" name="addCandidateVD" time="39.235"/>
  <system-out>
    <![CDATA[addCandidateVDTestScript Execution is Started :]]>
  </system-out>
  <testcase classname="recruiter.AddCandidateTestNG" name="addCandidateIVD" time="57.644"/>
  <system-out>
    <![CDATA[addCandidateIVDTestScript Execution is Started :]]>
  </system-out>
</testsuite> <!-- recruiter.AddCandidateTestNG -->
