<?xml version="1.0" encoding="UTF-8"?>
<!-- Generated by org.testng.reporters.JUnitReportReporter -->
<testsuite hostname="DESKTOP-169Q8T6" failures="0" tests="1" name="teamLeader.sentProfileTestNG" time="18.705" errors="0" timestamp="2025-01-09T17:07:45 IST" skipped="0">
  <testcase classname="teamLeader.sentProfileTestNG" name="addJobDescription" time="18.705"/>
  <system-out>
    <![CDATA[addJobDescriptionTestScript Execution is Started :]]>
  </system-out>
</testsuite> <!-- teamLeader.sentProfileTestNG -->
