<?xml version="1.0" encoding="UTF-8"?>
<!-- Generated by org.testng.reporters.JUnitReportReporter -->
<testsuite hostname="DESKTOP-169Q8T6" failures="0" tests="1" name="teamLeader.addJobDescriptionTestNG" time="77.451" errors="0" timestamp="2025-05-06T16:25:12 IST" skipped="0">
  <testcase classname="teamLeader.addJobDescriptionTestNG" name="addJobDescription" time="77.451"/>
  <system-out>
    <![CDATA[addJobDescriptionTestScript Execution is Started :]]>
  </system-out>
</testsuite> <!-- teamLeader.addJobDescriptionTestNG -->
