<?xml version="1.0" encoding="UTF-8"?>
<!-- Generated by org.testng.reporters.JUnitReportReporter -->
<testsuite hostname="DESKTOP-169Q8T6" failures="0" tests="1" name="recruiter.salaryCalculation" time="51.624" errors="0" timestamp="2025-02-27T13:20:08 IST" skipped="0">
  <testcase classname="recruiter.salaryCalculation" name="salaryCalculation" time="51.624"/>
  <system-out/>
</testsuite> <!-- recruiter.salaryCalculation -->
