<?xml version="1.0" encoding="UTF-8"?>
<!-- Generated by org.testng.reporters.JUnitReportReporter -->
<testsuite hostname="DESKTOP-169Q8T6" failures="0" tests="1" name="recruiter.help_salaryCalcTestNG" time="66.501" errors="0" timestamp="2025-04-09T13:40:56 IST" skipped="0">
  <testcase classname="recruiter.help_salaryCalcTestNG" name="salaryCalculation" time="66.501"/>
  <system-out>
    <![CDATA[salaryCalculationTestScript Execution is Started :]]>
  </system-out>
</testsuite> <!-- recruiter.help_salaryCalcTestNG -->
