<?xml version="1.0" encoding="UTF-8"?>
<!-- Generated by org.testng.reporters.JUnitReportReporter -->
<testsuite hostname="DESKTOP-169Q8T6" failures="0" tests="2" name="recruiter.AddCandidateTestNG" time="76.837" errors="0" timestamp="2024-12-06T18:31:43 IST" skipped="1">
  <testcase classname="recruiter.AddCandidateTestNG" name="addCandidateVD" time="76.837"/>
  <system-out>
    <![CDATA[addCandidateVDTestScript Execution is Started :]]>
  </system-out>
  <testcase classname="recruiter.AddCandidateTestNG" name="addCandidateIVD">
    <skipped/>
  </testcase> <!-- addCandidateIVD -->
  <system-out/>
</testsuite> <!-- recruiter.AddCandidateTestNG -->
