<?xml version="1.0" encoding="UTF-8"?>
<!-- Generated by org.testng.reporters.JUnitReportReporter -->
<testsuite hostname="DESKTOP-169Q8T6" failures="0" tests="1" name="recruiter.shortListedUpdateNoListTestNG" time="26.910" errors="0" timestamp="2024-11-26T11:08:05 IST" skipped="0">
  <testcase classname="recruiter.shortListedUpdateNoListTestNG" name="UpdatedNoOfCandidate" time="26.910"/>
  <system-out/>
</testsuite> <!-- recruiter.shortListedUpdateNoListTestNG -->
