<?xml version="1.0" encoding="UTF-8"?>
<!-- Generated by org.testng.reporters.JUnitReportReporter -->
<testsuite hostname="DESKTOP-169Q8T6" failures="0" tests="1" name="Security.SecurityOWASP" time="39.685" errors="0" timestamp="2024-12-06T18:09:10 IST" skipped="0">
  <testcase classname="Security.SecurityOWASP" name="RecruiterTest" time="39.685"/>
  <system-out/>
</testsuite> <!-- Security.SecurityOWASP -->
