<?xml version="1.0" encoding="UTF-8"?>
<!-- Generated by org.testng.reporters.JUnitReportReporter -->
<testsuite hostname="DESKTOP-169Q8T6" failures="0" tests="1" name="recruiter.help_Distance" time="75.543" errors="0" timestamp="2025-02-26T12:18:55 IST" skipped="0">
  <testcase classname="recruiter.help_Distance" name="help_Distance" time="75.543"/>
  <system-out/>
</testsuite> <!-- recruiter.help_Distance -->
