<?xml version="1.0" encoding="UTF-8"?>
<!-- Generated by org.testng.reporters.JUnitReportReporter -->
<testsuite hostname="DESKTOP-169Q8T6" failures="0" tests="1" name="recruiter.help_interviewQueTestNG" time="114.395" errors="0" timestamp="2025-05-05T15:26:34 IST" skipped="0">
  <testcase classname="recruiter.help_interviewQueTestNG" name="interviewQueTestNG" time="114.395"/>
  <system-out/>
</testsuite> <!-- recruiter.help_interviewQueTestNG -->
