<?xml version="1.0" encoding="UTF-8"?>
<!-- Generated by org.testng.reporters.JUnitReportReporter -->
<testsuite hostname="DESKTOP-169Q8T6" failures="0" tests="1" name="teamLeader.captchaTest" time="16.688" errors="0" timestamp="2025-04-03T17:49:21 IST" skipped="0">
  <testcase classname="teamLeader.captchaTest" name="notificationAvailable" time="16.688"/>
  <system-out/>
</testsuite> <!-- teamLeader.captchaTest -->
