<?xml version="1.0" encoding="UTF-8"?>
<!-- Generated by org.testng.reporters.JUnitReportReporter -->
<testsuite hostname="DESKTOP-169Q8T6" failures="0" tests="1" name="recruiter.help_interviewQueTestNG" time="99.638" errors="0" timestamp="2025-04-02T18:39:26 IST" skipped="0">
  <testcase classname="recruiter.help_interviewQueTestNG" name="interviewQueTestNG" time="99.638"/>
  <system-out/>
</testsuite> <!-- recruiter.help_interviewQueTestNG -->
