<?xml version="1.0" encoding="UTF-8"?>
<!-- Generated by org.testng.reporters.JUnitReportReporter -->
<testsuite hostname="DESKTOP-169Q8T6" failures="0" tests="1" name="recruiter.chooseColourTestNG" time="10.695" errors="0" timestamp="2025-01-10T12:30:16 IST" skipped="0">
  <testcase classname="recruiter.chooseColourTestNG" name="chooseColour" time="10.695"/>
  <system-out/>
</testsuite> <!-- recruiter.chooseColourTestNG -->
