<?xml version="1.0" encoding="UTF-8"?>
<!-- Generated by org.testng.reporters.JUnitReportReporter -->
<testsuite hostname="DESKTOP-169Q8T6" failures="0" tests="3" name="recruiter.dbSendLinkTestNG" time="8.134" errors="0" timestamp="2025-01-03T14:58:43 IST" skipped="2">
  <testcase classname="recruiter.dbSendLinkTestNG" name="createResume" time="8.134"/>
  <system-out>
    <![CDATA[createResumeTestScript Execution is Started :]]>
  </system-out>
  <testcase classname="recruiter.dbSendLinkTestNG" name="dbShareLink">
    <skipped/>
  </testcase> <!-- dbShareLink -->
  <system-out/>
  <testcase classname="recruiter.dbSendLinkTestNG" name="dbCopyLink">
    <skipped/>
  </testcase> <!-- dbCopyLink -->
  <system-out/>
</testsuite> <!-- recruiter.dbSendLinkTestNG -->
