<?xml version="1.0" encoding="UTF-8"?>
<!-- Generated by org.testng.reporters.JUnitReportReporter -->
<testsuite hostname="DESKTOP-169Q8T6" failures="0" tests="1" name="recruiter.salaryCalculation" time="57.026" errors="0" timestamp="2025-03-19T15:05:45 IST" skipped="0">
  <testcase classname="recruiter.salaryCalculation" name="salaryCalculation" time="57.026"/>
  <system-out>
    <![CDATA[salaryCalculationTestScript Execution is Started :]]>
  </system-out>
</testsuite> <!-- recruiter.salaryCalculation -->
