<?xml version="1.0" encoding="UTF-8"?>
<!-- Generated by org.testng.reporters.JUnitReportReporter -->
<testsuite hostname="DESKTOP-169Q8T6" failures="0" tests="1" name="recruiter.FC_CallingTrackerTestNG" time="135.907" errors="0" timestamp="2025-05-06T11:26:34 IST" skipped="0">
  <testcase classname="recruiter.FC_CallingTrackerTestNG" name="findCandidate" time="135.907"/>
  <system-out>
    <![CDATA[findCandidateTestScript Execution is Started :]]>
  </system-out>
</testsuite> <!-- recruiter.FC_CallingTrackerTestNG -->
