<?xml version="1.0" encoding="UTF-8"?>
<!-- Generated by org.testng.reporters.JUnitReportReporter -->
<testsuite hostname="DESKTOP-169Q8T6" failures="0" tests="3" name="teamLeader.notificationTestNG" time="13.459" errors="0" timestamp="2025-01-10T17:55:03 IST" skipped="2">
  <testcase classname="teamLeader.notificationTestNG" name="notificationFlowSuperToRecruiter" time="13.459"/>
  <system-out>
    <![CDATA[notificationFlowSuperToRecruiterTestScript Execution is Started :]]>
  </system-out>
  <testcase classname="teamLeader.notificationTestNG" name="findCandidate">
    <skipped/>
  </testcase> <!-- findCandidate -->
  <system-out/>
  <testcase classname="teamLeader.notificationTestNG" name="notificationFlow">
    <skipped/>
  </testcase> <!-- notificationFlow -->
  <system-out/>
</testsuite> <!-- teamLeader.notificationTestNG -->
