<?xml version="1.0" encoding="UTF-8"?>
<!-- Generated by org.testng.reporters.JUnitReportReporter -->
<testsuite hostname="DESKTOP-169Q8T6" failures="0" tests="1" name="recruiter.FC_CallingTrackerTestNG" time="89.415" errors="0" timestamp="2024-12-10T11:46:10 IST" skipped="0">
  <testcase classname="recruiter.FC_CallingTrackerTestNG" name="findCandidate" time="89.415"/>
  <system-out>
    <![CDATA[findCandidateTestScript Execution is Started :]]>
  </system-out>
</testsuite> <!-- recruiter.FC_CallingTrackerTestNG -->
