<?xml version="1.0" encoding="UTF-8"?>
<!-- Generated by org.testng.reporters.JUnitReportReporter -->
<testsuite hostname="DESKTOP-169Q8T6" failures="0" tests="1" name="teamLeader.interviewFeedback" time="70.451" errors="0" timestamp="2025-03-06T18:58:21 IST" skipped="0">
  <testcase classname="teamLeader.interviewFeedback" name="sentProfile" time="70.451"/>
  <system-out/>
</testsuite> <!-- teamLeader.interviewFeedback -->
