<?xml version="1.0" encoding="UTF-8"?>
<!-- Generated by org.testng.reporters.JUnitReportReporter -->
<testsuite hostname="DESKTOP-169Q8T6" failures="0" tests="1" name="Security.SecurityOWASP" time="36.979" errors="0" timestamp="2024-12-09T17:53:43 IST" skipped="0">
  <testcase classname="Security.SecurityOWASP" name="RecruiterTest" time="36.979"/>
  <system-out/>
</testsuite> <!-- Security.SecurityOWASP -->
