<?xml version="1.0" encoding="UTF-8"?>
<!-- Generated by org.testng.reporters.JUnitReportReporter -->
<testsuite hostname="DESKTOP-169Q8T6" failures="0" tests="3" name="teamLeader.sentProfileTestNG" time="90.213" errors="0" timestamp="2025-03-05T19:08:57 IST" skipped="2">
  <testcase classname="teamLeader.sentProfileTestNG" name="sentProfileUpdateResponse" time="90.213"/>
  <system-out>
    <![CDATA[sentProfileUpdateResponseTestScript Execution is Started :]]>
  </system-out>
  <testcase classname="teamLeader.sentProfileTestNG" name="sentMultipleProfile">
    <skipped/>
  </testcase> <!-- sentMultipleProfile -->
  <system-out/>
  <testcase classname="teamLeader.sentProfileTestNG" name="sentProfile">
    <skipped/>
  </testcase> <!-- sentProfile -->
  <system-out/>
</testsuite> <!-- teamLeader.sentProfileTestNG -->
