<?xml version="1.0" encoding="UTF-8"?>
<!-- Generated by org.testng.reporters.JUnitReportReporter -->
<testsuite hostname="DESKTOP-169Q8T6" failures="0" tests="1" name="recruiter.dataFlowOfAddCandidate" time="59.005" errors="0" timestamp="2025-02-25T17:18:50 IST" skipped="0">
  <testcase classname="recruiter.dataFlowOfAddCandidate" name="addCandidateVD" time="59.005"/>
  <system-out>
    <![CDATA[addCandidateVDTestScript Execution is Started :]]>
  </system-out>
</testsuite> <!-- recruiter.dataFlowOfAddCandidate -->
