<?xml version="1.0" encoding="UTF-8"?>
<!-- Generated by org.testng.reporters.JUnitReportReporter -->
<testsuite hostname="DESKTOP-169Q8T6" failures="0" tests="1" name="recruiter.dataFlowOfAddCandidate" time="11.841" errors="0" timestamp="2025-01-29T12:20:51 IST" skipped="0">
  <testcase classname="recruiter.dataFlowOfAddCandidate" name="addCandidateVD" time="11.841"/>
  <system-out>
    <![CDATA[addCandidateVDTestScript Execution is Started :]]>
  </system-out>
</testsuite> <!-- recruiter.dataFlowOfAddCandidate -->
