<?xml version="1.0" encoding="UTF-8"?>
<!-- Generated by org.testng.reporters.JUnitReportReporter -->
<testsuite hostname="DESKTOP-169Q8T6" failures="0" tests="2" name="recruiter.applicantForm" time="23.535" errors="0" timestamp="2025-01-02T18:42:28 IST" skipped="1">
  <testcase classname="recruiter.applicantForm" name="AapplicantFormMYSQL" time="23.535"/>
  <system-out>
    <![CDATA[AapplicantFormMYSQLTestScript Execution is Started :]]>
  </system-out>
  <testcase classname="recruiter.applicantForm" name="ApplicantForm">
    <skipped/>
  </testcase> <!-- ApplicantForm -->
  <system-out/>
</testsuite> <!-- recruiter.applicantForm -->
