<?xml version="1.0" encoding="UTF-8"?>
<!-- Generated by org.testng.reporters.JUnitReportReporter -->
<testsuite hostname="DESKTOP-169Q8T6" failures="0" tests="1" name="recruiter.FC_HoldCandidateTestNG" time="71.327" errors="0" timestamp="2024-11-29T18:51:36 IST" skipped="0">
  <testcase classname="recruiter.FC_HoldCandidateTestNG" name="holdCandidateStatusUpdate" time="71.327"/>
  <system-out>
    <![CDATA[holdCandidateStatusUpdateTestScript Execution is Started :]]>
  </system-out>
</testsuite> <!-- recruiter.FC_HoldCandidateTestNG -->
