<?xml version="1.0" encoding="UTF-8"?>
<!-- Generated by org.testng.reporters.JUnitReportReporter -->
<testsuite hostname="DESKTOP-169Q8T6" failures="0" tests="1" name="recruiter.FC_LineUpTrackerTestNG" time="70.725" errors="0" timestamp="2024-11-19T18:11:09 IST" skipped="0">
  <testcase classname="recruiter.FC_LineUpTrackerTestNG" name="lineUpTracker" time="70.725"/>
  <system-out>
    <![CDATA[lineUpTrackerTestScript Execution is Started :]]>
  </system-out>
</testsuite> <!-- recruiter.FC_LineUpTrackerTestNG -->
