<?xml version="1.0" encoding="UTF-8"?>
<!-- Generated by org.testng.reporters.JUnitReportReporter -->
<testsuite hostname="DESKTOP-169Q8T6" failures="0" tests="2" name="recruiter.AddCandidateTestNG" time="59.189" errors="0" timestamp="2024-11-22T18:57:53 IST" skipped="1">
  <testcase classname="recruiter.AddCandidateTestNG" name="addCandidateVD" time="59.189"/>
  <system-out>
    <![CDATA[addCandidateVDTestScript Execution is Started :]]>
  </system-out>
  <testcase classname="recruiter.AddCandidateTestNG" name="addCandidateIVD">
    <skipped/>
  </testcase> <!-- addCandidateIVD -->
  <system-out/>
</testsuite> <!-- recruiter.AddCandidateTestNG -->
