<?xml version="1.0" encoding="UTF-8"?>
<!-- Generated by org.testng.reporters.JUnitReportReporter -->
<testsuite hostname="DESKTOP-169Q8T6" failures="0" tests="1" name="recruiter.rejectedTest" time="37.764" errors="0" timestamp="2025-01-21T18:50:13 IST" skipped="0">
  <testcase classname="recruiter.rejectedTest" name="rejectedTest" time="37.764"/>
  <system-out>
    <![CDATA[rejectedTestTestScript Execution is Started :]]>
  </system-out>
</testsuite> <!-- recruiter.rejectedTest -->
