<?xml version="1.0" encoding="UTF-8"?>
<!-- Generated by org.testng.reporters.JUnitReportReporter -->
<testsuite hostname="DESKTOP-169Q8T6" failures="0" tests="1" name="Manager.ProfilePersmission" time="50.163" errors="0" timestamp="2025-05-07T15:03:31 IST" skipped="0">
  <testcase classname="Manager.ProfilePersmission" name="sentProfilePermission" time="50.163"/>
  <system-out/>
</testsuite> <!-- Manager.ProfilePersmission -->
