<?xml version="1.0" encoding="UTF-8"?>
<!-- Generated by org.testng.reporters.JUnitReportReporter -->
<testsuite hostname="DESKTOP-169Q8T6" failures="0" tests="1" name="teamLeader.addJobDescriptionTestNG" time="41.447" errors="0" timestamp="2025-01-09T13:57:19 IST" skipped="0">
  <testcase classname="teamLeader.addJobDescriptionTestNG" name="addJobDescription" time="41.447"/>
  <system-out>
    <![CDATA[addJobDescriptionTestScript Execution is Started :]]>
  </system-out>
</testsuite> <!-- teamLeader.addJobDescriptionTestNG -->
