<?xml version="1.0" encoding="UTF-8"?>
<!-- Generated by org.testng.reporters.JUnitReportReporter -->
<testsuite hostname="DESKTOP-169Q8T6" failures="0" tests="1" name="recruiter.dataFlowOfAddCandidate" time="157.611" errors="0" timestamp="2025-05-05T17:07:44 IST" skipped="0">
  <testcase classname="recruiter.dataFlowOfAddCandidate" name="addCandidateVD" time="157.611"/>
  <system-out>
    <![CDATA[addCandidateVDTestScript Execution is Started :]]>
  </system-out>
</testsuite> <!-- recruiter.dataFlowOfAddCandidate -->
