<?xml version="1.0" encoding="UTF-8"?>
<!-- Generated by org.testng.reporters.JUnitReportReporter -->
<testsuite hostname="DESKTOP-169Q8T6" failures="0" tests="2" name="recruiter.FC_RejectedCandidateTestNG" time="59.229" errors="0" timestamp="2024-12-03T18:17:15 IST" skipped="1">
  <testcase classname="recruiter.FC_RejectedCandidateTestNG" name="updateRejectedCandidate" time="59.229"/>
  <system-out>
    <![CDATA[updateRejectedCandidateTestScript Execution is Started :]]>
  </system-out>
  <testcase classname="recruiter.FC_RejectedCandidateTestNG" name="UpdaterejectedCandidateByTL">
    <skipped/>
  </testcase> <!-- UpdaterejectedCandidateByTL -->
  <system-out/>
</testsuite> <!-- recruiter.FC_RejectedCandidateTestNG -->
