<?xml version="1.0" encoding="UTF-8"?>
<!-- Generated by org.testng.reporters.JUnitReportReporter -->
<testsuite hostname="DESKTOP-169Q8T6" failures="0" tests="1" name="teamLeader.ReportsTestNG" time="28.859" errors="0" timestamp="2025-01-16T17:51:58 IST" skipped="0">
  <testcase classname="teamLeader.ReportsTestNG" name="reports" time="28.859"/>
  <system-out/>
</testsuite> <!-- teamLeader.ReportsTestNG -->
