<?xml version="1.0" encoding="UTF-8"?>
<!-- Generated by org.testng.reporters.JUnitReportReporter -->
<testsuite hostname="DESKTOP-169Q8T6" failures="0" tests="1" name="recruiter.help_historyTracker" time="108.933" errors="0" timestamp="2025-04-16T15:09:48 IST" skipped="0">
  <testcase classname="recruiter.help_historyTracker" name="historyTracker" time="108.933"/>
  <system-out/>
</testsuite> <!-- recruiter.help_historyTracker -->
