<?xml version="1.0" encoding="UTF-8"?>
<!-- Generated by org.testng.reporters.JUnitReportReporter -->
<testsuite hostname="DESKTOP-169Q8T6" failures="0" tests="1" name="Manager.interviewFeedbackTestNG" time="77.207" errors="0" timestamp="2025-03-07T16:38:50 IST" skipped="0">
  <testcase classname="Manager.interviewFeedbackTestNG" name="sentProfile" time="77.207"/>
  <system-out/>
</testsuite> <!-- Manager.interviewFeedbackTestNG -->
