<?xml version="1.0" encoding="UTF-8"?>
<!-- Generated by org.testng.reporters.JUnitReportReporter -->
<testsuite hostname="DESKTOP-169Q8T6" failures="0" tests="1" name="recruiter.AddCandidateTestNG" time="59.100" errors="0" timestamp="2024-10-18T18:24:15 IST" skipped="0">
  <testcase classname="recruiter.AddCandidateTestNG" name="AddCandidate" time="59.100"/>
  <system-out>
    <![CDATA[AddCandidateTestScript Execution is Started :]]>
  </system-out>
</testsuite> <!-- recruiter.AddCandidateTestNG -->
