<?xml version="1.0" encoding="UTF-8"?>
<!-- Generated by org.testng.reporters.JUnitReportReporter -->
<testsuite hostname="DESKTOP-169Q8T6" failures="0" tests="3" name="recruiter.dbSendLinkTestNG" time="48.311" errors="0" timestamp="2025-02-27T19:02:31 IST" skipped="2">
  <testcase classname="recruiter.dbSendLinkTestNG" name="dbCopyLink" time="48.311"/>
  <system-out>
    <![CDATA[dbCopyLinkTestScript Execution is Started :]]>
  </system-out>
  <testcase classname="recruiter.dbSendLinkTestNG" name="dbShareLink">
    <skipped/>
  </testcase> <!-- dbShareLink -->
  <system-out/>
  <testcase classname="recruiter.dbSendLinkTestNG" name="createResume">
    <skipped/>
  </testcase> <!-- createResume -->
  <system-out/>
</testsuite> <!-- recruiter.dbSendLinkTestNG -->
