<?xml version="1.0" encoding="UTF-8"?>
<!-- Generated by org.testng.reporters.JUnitReportReporter -->
<testsuite hostname="DESKTOP-169Q8T6" failures="0" tests="1" name="recruiter.scUpdateNoListTestNG" time="14.361" errors="0" timestamp="2024-11-26T10:35:57 IST" skipped="0">
  <testcase classname="recruiter.scUpdateNoListTestNG" name="UpdatedNoOfCandidate" time="14.361"/>
  <system-out/>
</testsuite> <!-- recruiter.scUpdateNoListTestNG -->
