<?xml version="1.0" encoding="UTF-8"?>
<!-- Generated by org.testng.reporters.JUnitReportReporter -->
<testsuite hostname="DESKTOP-169Q8T6" failures="0" tests="1" name="recruiter.databaseUpdateNoListTestNG" time="36.712" errors="0" timestamp="2024-12-06T18:47:13 IST" skipped="0">
  <testcase classname="recruiter.databaseUpdateNoListTestNG" name="UpdatedNoOfCandidate" time="36.712"/>
  <system-out>
    <![CDATA[UpdatedNoOfCandidateTestScript Execution is Started :]]>
  </system-out>
</testsuite> <!-- recruiter.databaseUpdateNoListTestNG -->
