<?xml version="1.0" encoding="UTF-8"?>
<!-- Generated by org.testng.reporters.JUnitReportReporter -->
<testsuite hostname="DESKTOP-169Q8T6" failures="0" tests="1" name="teamLeader.captchaTest" time="17.822" errors="0" timestamp="2025-01-31T12:10:10 IST" skipped="0">
  <testcase classname="teamLeader.captchaTest" name="notificationAvailable" time="17.822"/>
  <system-out/>
</testsuite> <!-- teamLeader.captchaTest -->
