<?xml version="1.0" encoding="UTF-8"?>
<!-- Generated by org.testng.reporters.JUnitReportReporter -->
<testsuite hostname="DESKTOP-169Q8T6" failures="0" tests="2" name="teamLeader.FC_CallingTrackerTestNG" time="22.839" errors="0" timestamp="2025-01-03T17:18:11 IST" skipped="1">
  <testcase classname="teamLeader.FC_CallingTrackerTestNG" name="findCandidate2" time="22.839"/>
  <system-out>
    <![CDATA[findCandidate2TestScript Execution is Started :]]>
  </system-out>
  <testcase classname="teamLeader.FC_CallingTrackerTestNG" name="findCandidate">
    <skipped/>
  </testcase> <!-- findCandidate -->
  <system-out/>
</testsuite> <!-- teamLeader.FC_CallingTrackerTestNG -->
