<?xml version="1.0" encoding="UTF-8"?>
<!-- Generated by org.testng.reporters.JUnitReportReporter -->
<testsuite hostname="DESKTOP-169Q8T6" failures="0" tests="1" name="recruiter.chooseColourTestNG" time="41.871" errors="0" timestamp="2025-03-25T12:48:57 IST" skipped="0">
  <testcase classname="recruiter.chooseColourTestNG" name="chooseColour" time="41.871"/>
  <system-out/>
</testsuite> <!-- recruiter.chooseColourTestNG -->
