<?xml version="1.0" encoding="UTF-8"?>
<!-- Generated by org.testng.reporters.JUnitReportReporter -->
<testsuite hostname="DESKTOP-169Q8T6" failures="0" tests="1" name="recruiter.help_DistanceTestNG" time="47.245" errors="0" timestamp="2025-03-26T18:13:08 IST" skipped="0">
  <testcase classname="recruiter.help_DistanceTestNG" name="help_Distance" time="47.245"/>
  <system-out/>
</testsuite> <!-- recruiter.help_DistanceTestNG -->
