<?xml version="1.0" encoding="UTF-8"?>
<!-- Generated by org.testng.reporters.JUnitReportReporter -->
<testsuite hostname="DESKTOP-169Q8T6" failures="0" tests="1" name="teamLeader.AddCandidateTestNG" time="12.779" errors="0" timestamp="2024-12-18T11:46:57 IST" skipped="0">
  <testcase classname="teamLeader.AddCandidateTestNG" name="AddCandidateTestNG" time="12.779"/>
  <system-out>
    <![CDATA[AddCandidateTestNGTestScript Execution is Started :]]>
  </system-out>
</testsuite> <!-- teamLeader.AddCandidateTestNG -->
