<?xml version="1.0" encoding="UTF-8"?>
<!-- Generated by org.testng.reporters.JUnitReportReporter -->
<testsuite hostname="DESKTOP-169Q8T6" failures="0" tests="1" name="recruiter.dataFlowOfAddCandidate" time="15.915" errors="0" timestamp="2025-03-26T12:30:44 IST" skipped="0">
  <testcase classname="recruiter.dataFlowOfAddCandidate" name="addCandidateVD" time="15.915"/>
  <system-out>
    <![CDATA[addCandidateVDTestScript Execution is Started :]]>
  </system-out>
</testsuite> <!-- recruiter.dataFlowOfAddCandidate -->
