<?xml version="1.0" encoding="UTF-8"?>
<!-- Generated by org.testng.reporters.JUnitReportReporter -->
<testsuite hostname="DESKTOP-169Q8T6" failures="0" tests="1" name="recruiter.databaseUpdateNoListTestNG" time="22.905" errors="0" timestamp="2024-11-26T15:46:16 IST" skipped="0">
  <testcase classname="recruiter.databaseUpdateNoListTestNG" name="UpdatedNoOfCandidate" time="22.905"/>
  <system-out/>
</testsuite> <!-- recruiter.databaseUpdateNoListTestNG -->
