<?xml version="1.0" encoding="UTF-8"?>
<!-- Generated by org.testng.reporters.JUnitReportReporter -->
<testsuite hostname="DESKTOP-169Q8T6" failures="0" tests="3" name="recruiter.dbSendLinkTestNG" time="33.797" errors="0" timestamp="2025-02-27T19:18:56 IST" skipped="2">
  <testcase classname="recruiter.dbSendLinkTestNG" name="dbShareLink" time="33.797"/>
  <system-out>
    <![CDATA[dbShareLinkTestScript Execution is Started :]]>
  </system-out>
  <testcase classname="recruiter.dbSendLinkTestNG" name="dbCopyLink">
    <skipped/>
  </testcase> <!-- dbCopyLink -->
  <system-out/>
  <testcase classname="recruiter.dbSendLinkTestNG" name="createResume">
    <skipped/>
  </testcase> <!-- createResume -->
  <system-out/>
</testsuite> <!-- recruiter.dbSendLinkTestNG -->
