<?xml version="1.0" encoding="UTF-8"?>
<!-- Generated by org.testng.reporters.JUnitReportReporter -->
<testsuite hostname="DESKTOP-169Q8T6" failures="0" tests="2" name="recruiter.databaseUpdateNoListTestNG" time="46.344" errors="0" timestamp="2025-03-25T13:09:35 IST" skipped="1">
  <testcase classname="recruiter.databaseUpdateNoListTestNG" name="UpdatedNoOfCandidate" time="46.344"/>
  <system-out>
    <![CDATA[UpdatedNoOfCandidateTestScript Execution is Started :]]>
  </system-out>
  <testcase classname="recruiter.databaseUpdateNoListTestNG" name="uploadExcelData">
    <skipped/>
  </testcase> <!-- uploadExcelData -->
  <system-out/>
</testsuite> <!-- recruiter.databaseUpdateNoListTestNG -->
