<?xml version="1.0" encoding="UTF-8"?>
<!-- Generated by org.testng.reporters.JUnitReportReporter -->
<testsuite hostname="DESKTOP-169Q8T6" failures="0" tests="2" name="teamLeader.notificationTestNG" time="31.596" errors="0" timestamp="2025-01-06T18:55:20 IST" skipped="1">
  <testcase classname="teamLeader.notificationTestNG" name="notificationFlow" time="31.596"/>
  <system-out>
    <![CDATA[notificationFlowTestScript Execution is Started :]]>
  </system-out>
  <testcase classname="teamLeader.notificationTestNG" name="findCandidate">
    <skipped/>
  </testcase> <!-- findCandidate -->
  <system-out/>
</testsuite> <!-- teamLeader.notificationTestNG -->
