<?xml version="1.0" encoding="UTF-8"?>
<!-- Generated by org.testng.reporters.JUnitReportReporter -->
<testsuite hostname="DESKTOP-169Q8T6" failures="0" tests="1" name="recruiter.applicantDataFlow" time="121.721" errors="0" timestamp="2025-03-03T15:56:12 IST" skipped="0">
  <testcase classname="recruiter.applicantDataFlow" name="applicantDataFlow" time="121.721"/>
  <system-out/>
</testsuite> <!-- recruiter.applicantDataFlow -->
