<?xml version="1.0" encoding="UTF-8"?>
<!-- Generated by org.testng.reporters.JUnitReportReporter -->
<testsuite hostname="DESKTOP-169Q8T6" failures="0" tests="1" name="recruiter.applicantDataFlow" time="117.356" errors="0" timestamp="2025-02-28T17:20:47 IST" skipped="0">
  <testcase classname="recruiter.applicantDataFlow" name="applicantDataFlow" time="117.356"/>
  <system-out/>
</testsuite> <!-- recruiter.applicantDataFlow -->
