<?xml version="1.0" encoding="UTF-8"?>
<!-- Generated by org.testng.reporters.JUnitReportReporter -->
<testsuite hostname="DESKTOP-169Q8T6" failures="0" tests="1" name="recruiter.FC_SelectedCandidateTestNG1" time="19.295" errors="0" timestamp="2025-01-28T19:14:08 IST" skipped="0">
  <testcase classname="recruiter.FC_SelectedCandidateTestNG1" name="selectedCandidateInquery" time="19.295"/>
  <system-out>
    <![CDATA[selectedCandidateInqueryTestScript Execution is Started :]]>
  </system-out>
</testsuite> <!-- recruiter.FC_SelectedCandidateTestNG1 -->
